In file included from /opt/local/lib/gcc49/gcc/x86_64-apple-darwin14/4.9.3/include/stdint.h:9:0,
                 from /Users/ilyasridhuan/.node-gyp/4.1.1/include/node/v8.h:19,
                 from ../src/bufferutil.cc:7:
/opt/local/lib/gcc49/gcc/x86_64-apple-darwin14/4.9.3/include-fixed/stdint.h:27:32: fatal error: sys/_types/_int8_t.h: No such file or directory
 #include <sys/_types/_int8_t.h>
                                ^
compilation terminated.
make: *** [Release/obj.target/bufferutil/src/bufferutil.o] Error 1
gyp ERR! build error 
gyp ERR! stack Error: `make` failed with exit code: 2
gyp ERR! stack     at ChildProcess.onExit (/usr/local/lib/node_modules/npm/node_modules/node-gyp/lib/build.js:270:23)
gyp ERR! stack     at emitTwo (events.js:87:13)
gyp ERR! stack     at ChildProcess.emit (events.js:172:7)
gyp ERR! stack     at Process.ChildProcess._handle.onexit (internal/child_process.js:200:12)
gyp ERR! System Darwin 15.3.0
gyp ERR! command "/usr/local/Cellar/node/4.1.1/bin/node" "/usr/local/lib/node_modules/npm/node_modules/node-gyp/bin/node-gyp.js" "rebuild"
gyp ERR! cwd /Users/ilyasridhuan/Code/test-bot/node_modules/hubot-slack/node_modules/slack-client/node_modules/ws
gyp ERR! node -v v4.1.1
gyp ERR! node-gyp -v v3.0.1
gyp ERR! not ok 
